<?xml version="1.0" encoding="UTF-8"?>
<testsuite xmlns:xsi="http://www.w3.org/2001/XMLSchema-instance" xsi:noNamespaceSchemaLocation="https://maven.apache.org/surefire/maven-surefire-plugin/xsd/surefire-test-report-3.0.xsd" version="3.0" name="com.escuelaing.httpserver.HttpServerIntegrationTest" time="5.804" tests="17" errors="0" skipped="0" failures="0">
  <properties>
[...]
</properties>
  <testcase name="healthServiceReportsUp" classname="com.escuelaing.httpserver.HttpServerIntegrationTest" time="0.12">
    <system-out><![CDATA[[2026-09-14T23:19:02.941696800Z] Listening on port 46717
[2026-09-14T23:19:03.031645790Z] GET /health
]]></system-out>
  </testcase>
  <testcase name="jpegImageIsTransferredByteForByte" classname="com.escuelaing.httpserver.HttpServerIntegrationTest" time="0.008">
    <system-out><![CDATA[[2026-09-14T23:19:03.076389590Z] GET /photo.jpg
]]></system-out>
  </testcase>
  <testcase name="missingResourceReturns404" classname="com.escuelaing.httpserver.HttpServerIntegrationTest" time="0.005">
    <system-out><![CDATA[[2026-09-14T23:19:03.084052383Z] GET /does-not-exist.html
]]></system-out>
  </testcase>
  <testcase name="javascriptIsServedWithCorrectType" classname="com.escuelaing.httpserver.HttpServerIntegrationTest" time="0.005">
    <system-out><![CDATA[[2026-09-14T23:19:03.089021782Z] GET /app.js
]]></system-out>
  </testcase>
  <testcase name="tenConsecutiveRequestsAllSucceed" classname="com.escuelaing.httpserver.HttpServerIntegrationTest" time="0.025">
    <system-out><![CDATA[[2026-09-14T23:19:03.094105236Z] GET /health
[2026-09-14T23:19:03.096643646Z] GET /health
[2026-09-14T23:19:03.099138473Z] GET /health
[2026-09-14T23:19:03.101771661Z] GET /health
[2026-09-14T23:19:03.103913846Z] GET /health
[2026-09-14T23:19:03.106172740Z] GET /health
[2026-09-14T23:19:03.108450492Z] GET /health
[2026-09-14T23:19:03.110849772Z] GET /health
[2026-09-14T23:19:03.113009138Z] GET /health
[2026-09-14T23:19:03.115389631Z] GET /health
]]></system-out>
  </testcase>
  <testcase name="timeServiceReturnsAServerTimestamp" classname="com.escuelaing.httpserver.HttpServerIntegrationTest" time="0.005">
    <system-out><![CDATA[[2026-09-14T23:19:03.120120513Z] GET /time
]]></system-out>
  </testcase>
  <testcase name="serverIsSequentialASlowRequestBlocksTheNextOne" classname="com.escuelaing.httpserver.HttpServerIntegrationTest" time="5.008">
    <system-out><![CDATA[[2026-09-14T23:19:03.127133966Z] GET /slow
[2026-09-14T23:19:08.128252691Z] GET /health
]]></system-out>
  </testcase>
  <testcase name="greetingServiceReturnsJson" classname="com.escuelaing.httpserver.HttpServerIntegrationTest" time="0.004">
    <system-out><![CDATA[[2026-09-14T23:19:08.133068294Z] GET /greeting
]]></system-out>
  </testcase>
  <testcase name="greetingServiceRejectsMissingName" classname="com.escuelaing.httpserver.HttpServerIntegrationTest" time="0.003">
    <system-out><![CDATA[[2026-09-14T23:19:08.137236653Z] GET /greeting
]]></system-out>
  </testcase>
  <testcase name="squareServiceComputesSquare" classname="com.escuelaing.httpserver.HttpServerIntegrationTest" time="0.004">
    <system-out><![CDATA[[2026-09-14T23:19:08.141871499Z] GET /square
]]></system-out>
  </testcase>
  <testcase name="pathTraversalIsRejectedWith400" classname="com.escuelaing.httpserver.HttpServerIntegrationTest" time="0.004">
    <system-out><![CDATA[[2026-09-14T23:19:08.146763023Z] GET /../pom.xml
]]></system-out>
  </testcase>
  <testcase name="pngImageIsTransferredByteForByte" classname="com.escuelaing.httpserver.HttpServerIntegrationTest" time="0.004">
    <system-out><![CDATA[[2026-09-14T23:19:08.151573248Z] GET /logo.png
]]></system-out>
  </testcase>
  <testcase name="idleConnectionDoesNotBlockOtherRequestsForever" classname="com.escuelaing.httpserver.HttpServerIntegrationTest" time="0.305">
    <system-out><![CDATA[[2026-09-14T23:19:08.155214633Z] Listening on port 34167
[2026-09-14T23:19:08.457516780Z] I/O error handling connection: Read timed out
[2026-09-14T23:19:08.457972651Z] GET /health
]]></system-out>
  </testcase>
  <testcase name="malformedRequestDoesNotCrashTheServer" classname="com.escuelaing.httpserver.HttpServerIntegrationTest" time="0.005">
    <system-out><![CDATA[[2026-09-14T23:19:08.462646052Z] Malformed request ignored: Malformed request line: GARBAGE
[2026-09-14T23:19:08.464097480Z] GET /health
]]></system-out>
  </testcase>
  <testcase name="homePageIsServed" classname="com.escuelaing.httpserver.HttpServerIntegrationTest" time="0.004">
    <system-out><![CDATA[[2026-09-14T23:19:08.468002736Z] GET /
]]></system-out>
  </testcase>
  <testcase name="squareServiceRejectsInvalidNumber" classname="com.escuelaing.httpserver.HttpServerIntegrationTest" time="0.003">
    <system-out><![CDATA[[2026-09-14T23:19:08.471492141Z] GET /square
]]></system-out>
  </testcase>
  <testcase name="unsupportedMethodReturns405WithAllowHeader" classname="com.escuelaing.httpserver.HttpServerIntegrationTest" time="0.004">
    <system-out><![CDATA[[2026-09-14T23:19:08.476020197Z] POST /
]]></system-out>
  </testcase>
</testsuite>